<?xml version="1.0" encoding="UTF-8"?>
<!-- Generated by org.testng.reporters.JUnitReportReporter -->
<testsuite skipped="0" hostname="Zeus-PC" name="MavenTest.MavenTest.NewTest" tests="1" failures="0" timestamp="12 Jan 2019 17:34:53 GMT" time="0.038" errors="0">
  <testcase name="f" time="0.038" classname="MavenTest.MavenTest.NewTest"/>
</testsuite> <!-- MavenTest.MavenTest.NewTest -->
