<?xml version="1.0" encoding="UTF-8"?>
<!-- Generated by org.testng.reporters.JUnitReportReporter -->
<testsuite skipped="0" hostname="Zeus-PC" name="stepDefinitions.TestClass" tests="1" failures="0" timestamp="14 Jan 2019 16:18:05 GMT" time="4.952" errors="0">
  <testcase name="user_Navigate_to_LogIn_Page" time="4.952" classname="stepDefinitions.TestClass"/>
</testsuite> <!-- stepDefinitions.TestClass -->
